THELMA_AUDIT > INICIANDO VARREDURA SOBERANA NO PROJETO THELMA NASCIMENTO...
THELMA_AUDIT > ANALISANDO: App.tsx...
THELMA_AUDIT >   [SEO] Tag de Tнtulo encontrada em App.tsx.
THELMA_AUDIT >   [SUCCESS] App.tsx auditado com sucesso.
THELMA_AUDIT > ANALISANDO: index.html...
THELMA_AUDIT >   [SEO] Tag de Tнtulo encontrada em index.html.
THELMA_AUDIT >   [SEO] Meta Description verificada em index.html.
THELMA_AUDIT >   [SUCCESS] index.html auditado com sucesso.
THELMA_AUDIT > ANALISANDO: package.json...
THELMA_AUDIT >   [SUCCESS] package.json auditado com sucesso.
THELMA_AUDIT > ANALISANDO: metadata.json...
THELMA_AUDIT >   [SEO] Meta Description verificada em metadata.json.
THELMA_AUDIT >   [SUCCESS] metadata.json auditado com sucesso.
THELMA_AUDIT > ANALISANDO COMPONENTES E HOOKS...
THELMA_AUDIT > [FINISH] Auditoria completa. Projeto estб 100% SOBERANO e otimizado para Conversгo 2026.
STRATEGIST [2026-03-12 17:13:58] > Growth Strategist Node active.
STRATEGIST [2026-03-12 17:13:58] > Insight injected: O neuromarketing sugere que cores suaves aumentam a confianГ§a na conversГЈo.
AUDITOR [2026-03-12 17:13:58] > Sovereign Auditor Node active.
AUDITOR [2026-03-12 17:13:58] > SUCCESS: THELMA_NASCIMENTO health check passed.
SHADOW_SYNC [2026-03-12 17:23:57] > Criada pasta de backups: D:\IMPERIO_ANTIGRAVITY\_BACKUPS
SHADOW_SYNC [2026-03-12 17:23:57] > Iniciando Shadow Sync... destino: D:\IMPERIO_ANTIGRAVITY\_BACKUPS\Imperio_Backup_2026-03-12_17-23.zip
SHADOW_SYNC [2026-03-12 17:24:01] > Backup concluГғВӯdo com SUCESSO! Tamanho: 8.85MB -> Imperio_Backup_2026-03-12_17-23.zip
SHADOW_SYNC [2026-03-12 17:24:01] > Shadow Sync concluГғВӯdo. O ImpГғВ©rio estГғВЎ protegido.
SHADOW_SYNC [2026-03-12 19:44:08] > Iniciando Git Sync...
SHADOW_SYNC [2026-03-12 19:44:08] > Git Commit realizado com sucesso.
SHADOW_SYNC [2026-03-12 19:44:09] > Criando ZIP de seguranГғВ§a: D:\IMPERIO_ANTIGRAVITY\_BACKUPS\Imperio_Backup_2026-03-12_19-44.zip
SHADOW_SYNC [2026-03-12 19:44:19] > ZIP concluГғВӯdo! Tamanho: 8.89MB
SHADOW_SYNC [2026-03-12 19:44:19] > Shadow Sync concluГғВӯdo. Sua essГғВӘncia estГғВЎ segura.
SHADOW_SYNC [2026-03-12 20:01:32] > Iniciando Git Sync...
SHADOW_SYNC [2026-03-12 20:01:41] > Git Commit e Push realizados com sucesso.
SHADOW_SYNC [2026-03-12 20:01:41] > Criando ZIP de seguranГғВ§a: D:\IMPERIO_ANTIGRAVITY\_BACKUPS\Imperio_Backup_2026-03-12_20-01.zip
SHADOW_SYNC [2026-03-12 20:01:51] > ZIP concluГғВӯdo! Tamanho: 8.89MB
SHADOW_SYNC [2026-03-12 20:01:51] > Shadow Sync concluГғВӯdo. Sua essГғВӘncia estГғВЎ segura.
SHADOW_SYNC [2026-03-12 22:25:01] > Iniciando Git Sync...
