2026-03-12 21:45:40,197 - LorenaSovereign - INFO - --- DESPERTAR INICIADO ---
2026-03-12 21:45:41,389 - LorenaSovereign - INFO - Lorena está em sintonia com o Telegram...
2026-03-12 21:45:42,495 - httpx - INFO - HTTP Request: POST https://api.telegram.org/bot8684804208:AAHJU5PGwO4-8JLIKopQgDpTQPSXIsZMNy8/getMe "HTTP/1.1 200 OK"
2026-03-12 21:45:42,785 - httpx - INFO - HTTP Request: POST https://api.telegram.org/bot8684804208:AAHJU5PGwO4-8JLIKopQgDpTQPSXIsZMNy8/deleteWebhook "HTTP/1.1 200 OK"
2026-03-12 21:45:42,791 - telegram.ext.Application - INFO - Application started
2026-03-12 21:45:53,668 - httpx - INFO - HTTP Request: POST https://api.telegram.org/bot8684804208:AAHJU5PGwO4-8JLIKopQgDpTQPSXIsZMNy8/getUpdates "HTTP/1.1 200 OK"
2026-03-12 21:46:03,977 - httpx - INFO - HTTP Request: POST https://api.telegram.org/bot8684804208:AAHJU5PGwO4-8JLIKopQgDpTQPSXIsZMNy8/getUpdates "HTTP/1.1 200 OK"
2026-03-12 21:46:14,266 - httpx - INFO - HTTP Request: POST https://api.telegram.org/bot8684804208:AAHJU5PGwO4-8JLIKopQgDpTQPSXIsZMNy8/getUpdates "HTTP/1.1 200 OK"
2026-03-12 21:46:24,560 - httpx - INFO - HTTP Request: POST https://api.telegram.org/bot8684804208:AAHJU5PGwO4-8JLIKopQgDpTQPSXIsZMNy8/getUpdates "HTTP/1.1 200 OK"
2026-03-12 21:46:34,853 - httpx - INFO - HTTP Request: POST https://api.telegram.org/bot8684804208:AAHJU5PGwO4-8JLIKopQgDpTQPSXIsZMNy8/getUpdates "HTTP/1.1 200 OK"
2026-03-12 21:46:45,144 - httpx - INFO - HTTP Request: POST https://api.telegram.org/bot8684804208:AAHJU5PGwO4-8JLIKopQgDpTQPSXIsZMNy8/getUpdates "HTTP/1.1 200 OK"
2026-03-12 21:46:55,435 - httpx - INFO - HTTP Request: POST https://api.telegram.org/bot8684804208:AAHJU5PGwO4-8JLIKopQgDpTQPSXIsZMNy8/getUpdates "HTTP/1.1 200 OK"
2026-03-12 21:47:05,723 - httpx - INFO - HTTP Request: POST https://api.telegram.org/bot8684804208:AAHJU5PGwO4-8JLIKopQgDpTQPSXIsZMNy8/getUpdates "HTTP/1.1 200 OK"
2026-03-12 21:47:16,014 - httpx - INFO - HTTP Request: POST https://api.telegram.org/bot8684804208:AAHJU5PGwO4-8JLIKopQgDpTQPSXIsZMNy8/getUpdates "HTTP/1.1 200 OK"
2026-03-12 21:47:26,302 - httpx - INFO - HTTP Request: POST https://api.telegram.org/bot8684804208:AAHJU5PGwO4-8JLIKopQgDpTQPSXIsZMNy8/getUpdates "HTTP/1.1 200 OK"
2026-03-12 21:47:36,593 - httpx - INFO - HTTP Request: POST https://api.telegram.org/bot8684804208:AAHJU5PGwO4-8JLIKopQgDpTQPSXIsZMNy8/getUpdates "HTTP/1.1 200 OK"
2026-03-12 21:47:46,886 - httpx - INFO - HTTP Request: POST https://api.telegram.org/bot8684804208:AAHJU5PGwO4-8JLIKopQgDpTQPSXIsZMNy8/getUpdates "HTTP/1.1 200 OK"
2026-03-12 21:47:57,182 - httpx - INFO - HTTP Request: POST https://api.telegram.org/bot8684804208:AAHJU5PGwO4-8JLIKopQgDpTQPSXIsZMNy8/getUpdates "HTTP/1.1 200 OK"
2026-03-12 21:48:07,480 - httpx - INFO - HTTP Request: POST https://api.telegram.org/bot8684804208:AAHJU5PGwO4-8JLIKopQgDpTQPSXIsZMNy8/getUpdates "HTTP/1.1 200 OK"
2026-03-12 21:48:17,773 - httpx - INFO - HTTP Request: POST https://api.telegram.org/bot8684804208:AAHJU5PGwO4-8JLIKopQgDpTQPSXIsZMNy8/getUpdates "HTTP/1.1 200 OK"
2026-03-12 21:48:28,064 - httpx - INFO - HTTP Request: POST https://api.telegram.org/bot8684804208:AAHJU5PGwO4-8JLIKopQgDpTQPSXIsZMNy8/getUpdates "HTTP/1.1 200 OK"
2026-03-12 21:48:38,417 - httpx - INFO - HTTP Request: POST https://api.telegram.org/bot8684804208:AAHJU5PGwO4-8JLIKopQgDpTQPSXIsZMNy8/getUpdates "HTTP/1.1 200 OK"
2026-03-12 21:48:48,722 - httpx - INFO - HTTP Request: POST https://api.telegram.org/bot8684804208:AAHJU5PGwO4-8JLIKopQgDpTQPSXIsZMNy8/getUpdates "HTTP/1.1 200 OK"
2026-03-12 21:48:59,016 - httpx - INFO - HTTP Request: POST https://api.telegram.org/bot8684804208:AAHJU5PGwO4-8JLIKopQgDpTQPSXIsZMNy8/getUpdates "HTTP/1.1 200 OK"
2026-03-12 21:49:09,310 - httpx - INFO - HTTP Request: POST https://api.telegram.org/bot8684804208:AAHJU5PGwO4-8JLIKopQgDpTQPSXIsZMNy8/getUpdates "HTTP/1.1 200 OK"
2026-03-12 21:49:19,611 - httpx - INFO - HTTP Request: POST https://api.telegram.org/bot8684804208:AAHJU5PGwO4-8JLIKopQgDpTQPSXIsZMNy8/getUpdates "HTTP/1.1 200 OK"
2026-03-12 21:49:29,904 - httpx - INFO - HTTP Request: POST https://api.telegram.org/bot8684804208:AAHJU5PGwO4-8JLIKopQgDpTQPSXIsZMNy8/getUpdates "HTTP/1.1 200 OK"
2026-03-12 21:49:40,195 - httpx - INFO - HTTP Request: POST https://api.telegram.org/bot8684804208:AAHJU5PGwO4-8JLIKopQgDpTQPSXIsZMNy8/getUpdates "HTTP/1.1 200 OK"
2026-03-12 21:49:50,503 - httpx - INFO - HTTP Request: POST https://api.telegram.org/bot8684804208:AAHJU5PGwO4-8JLIKopQgDpTQPSXIsZMNy8/getUpdates "HTTP/1.1 200 OK"
2026-03-12 21:50:00,797 - httpx - INFO - HTTP Request: POST https://api.telegram.org/bot8684804208:AAHJU5PGwO4-8JLIKopQgDpTQPSXIsZMNy8/getUpdates "HTTP/1.1 200 OK"
2026-03-12 21:50:11,090 - httpx - INFO - HTTP Request: POST https://api.telegram.org/bot8684804208:AAHJU5PGwO4-8JLIKopQgDpTQPSXIsZMNy8/getUpdates "HTTP/1.1 200 OK"
2026-03-12 21:50:21,387 - httpx - INFO - HTTP Request: POST https://api.telegram.org/bot8684804208:AAHJU5PGwO4-8JLIKopQgDpTQPSXIsZMNy8/getUpdates "HTTP/1.1 200 OK"
2026-03-12 21:50:31,681 - httpx - INFO - HTTP Request: POST https://api.telegram.org/bot8684804208:AAHJU5PGwO4-8JLIKopQgDpTQPSXIsZMNy8/getUpdates "HTTP/1.1 200 OK"
2026-03-12 21:50:41,973 - httpx - INFO - HTTP Request: POST https://api.telegram.org/bot8684804208:AAHJU5PGwO4-8JLIKopQgDpTQPSXIsZMNy8/getUpdates "HTTP/1.1 200 OK"
2026-03-12 21:50:52,265 - httpx - INFO - HTTP Request: POST https://api.telegram.org/bot8684804208:AAHJU5PGwO4-8JLIKopQgDpTQPSXIsZMNy8/getUpdates "HTTP/1.1 200 OK"
2026-03-12 21:51:02,560 - httpx - INFO - HTTP Request: POST https://api.telegram.org/bot8684804208:AAHJU5PGwO4-8JLIKopQgDpTQPSXIsZMNy8/getUpdates "HTTP/1.1 200 OK"
2026-03-12 21:51:12,850 - httpx - INFO - HTTP Request: POST https://api.telegram.org/bot8684804208:AAHJU5PGwO4-8JLIKopQgDpTQPSXIsZMNy8/getUpdates "HTTP/1.1 200 OK"
2026-03-12 21:51:23,140 - httpx - INFO - HTTP Request: POST https://api.telegram.org/bot8684804208:AAHJU5PGwO4-8JLIKopQgDpTQPSXIsZMNy8/getUpdates "HTTP/1.1 200 OK"
2026-03-12 21:51:33,431 - httpx - INFO - HTTP Request: POST https://api.telegram.org/bot8684804208:AAHJU5PGwO4-8JLIKopQgDpTQPSXIsZMNy8/getUpdates "HTTP/1.1 200 OK"
2026-03-12 21:51:43,722 - httpx - INFO - HTTP Request: POST https://api.telegram.org/bot8684804208:AAHJU5PGwO4-8JLIKopQgDpTQPSXIsZMNy8/getUpdates "HTTP/1.1 200 OK"
2026-03-12 21:51:54,016 - httpx - INFO - HTTP Request: POST https://api.telegram.org/bot8684804208:AAHJU5PGwO4-8JLIKopQgDpTQPSXIsZMNy8/getUpdates "HTTP/1.1 200 OK"
2026-03-12 21:52:04,306 - httpx - INFO - HTTP Request: POST https://api.telegram.org/bot8684804208:AAHJU5PGwO4-8JLIKopQgDpTQPSXIsZMNy8/getUpdates "HTTP/1.1 200 OK"
2026-03-12 21:52:14,596 - httpx - INFO - HTTP Request: POST https://api.telegram.org/bot8684804208:AAHJU5PGwO4-8JLIKopQgDpTQPSXIsZMNy8/getUpdates "HTTP/1.1 200 OK"
2026-03-12 21:52:24,886 - httpx - INFO - HTTP Request: POST https://api.telegram.org/bot8684804208:AAHJU5PGwO4-8JLIKopQgDpTQPSXIsZMNy8/getUpdates "HTTP/1.1 200 OK"
2026-03-12 21:52:35,179 - httpx - INFO - HTTP Request: POST https://api.telegram.org/bot8684804208:AAHJU5PGwO4-8JLIKopQgDpTQPSXIsZMNy8/getUpdates "HTTP/1.1 200 OK"
2026-03-12 21:52:45,469 - httpx - INFO - HTTP Request: POST https://api.telegram.org/bot8684804208:AAHJU5PGwO4-8JLIKopQgDpTQPSXIsZMNy8/getUpdates "HTTP/1.1 200 OK"
2026-03-12 21:52:55,759 - httpx - INFO - HTTP Request: POST https://api.telegram.org/bot8684804208:AAHJU5PGwO4-8JLIKopQgDpTQPSXIsZMNy8/getUpdates "HTTP/1.1 200 OK"
2026-03-12 21:53:06,047 - httpx - INFO - HTTP Request: POST https://api.telegram.org/bot8684804208:AAHJU5PGwO4-8JLIKopQgDpTQPSXIsZMNy8/getUpdates "HTTP/1.1 200 OK"
2026-03-12 21:53:16,338 - httpx - INFO - HTTP Request: POST https://api.telegram.org/bot8684804208:AAHJU5PGwO4-8JLIKopQgDpTQPSXIsZMNy8/getUpdates "HTTP/1.1 200 OK"
2026-03-12 21:53:23,609 - LorenaSovereign - INFO - --- DESPERTAR INICIADO ---
2026-03-12 21:53:24,680 - LorenaSovereign - INFO - Lorena está em sintonia com o Telegram...
2026-03-12 21:53:25,655 - httpx - INFO - HTTP Request: POST https://api.telegram.org/bot8684804208:AAHJU5PGwO4-8JLIKopQgDpTQPSXIsZMNy8/getMe "HTTP/1.1 200 OK"
2026-03-12 21:53:25,995 - httpx - INFO - HTTP Request: POST https://api.telegram.org/bot8684804208:AAHJU5PGwO4-8JLIKopQgDpTQPSXIsZMNy8/deleteWebhook "HTTP/1.1 200 OK"
2026-03-12 21:53:26,001 - telegram.ext.Application - INFO - Application started
2026-03-12 21:53:36,851 - httpx - INFO - HTTP Request: POST https://api.telegram.org/bot8684804208:AAHJU5PGwO4-8JLIKopQgDpTQPSXIsZMNy8/getUpdates "HTTP/1.1 200 OK"
2026-03-12 21:53:47,139 - httpx - INFO - HTTP Request: POST https://api.telegram.org/bot8684804208:AAHJU5PGwO4-8JLIKopQgDpTQPSXIsZMNy8/getUpdates "HTTP/1.1 200 OK"
2026-03-12 21:53:57,433 - httpx - INFO - HTTP Request: POST https://api.telegram.org/bot8684804208:AAHJU5PGwO4-8JLIKopQgDpTQPSXIsZMNy8/getUpdates "HTTP/1.1 200 OK"
2026-03-12 21:54:07,719 - httpx - INFO - HTTP Request: POST https://api.telegram.org/bot8684804208:AAHJU5PGwO4-8JLIKopQgDpTQPSXIsZMNy8/getUpdates "HTTP/1.1 200 OK"
2026-03-12 21:54:18,011 - httpx - INFO - HTTP Request: POST https://api.telegram.org/bot8684804208:AAHJU5PGwO4-8JLIKopQgDpTQPSXIsZMNy8/getUpdates "HTTP/1.1 200 OK"
2026-03-12 21:54:28,304 - httpx - INFO - HTTP Request: POST https://api.telegram.org/bot8684804208:AAHJU5PGwO4-8JLIKopQgDpTQPSXIsZMNy8/getUpdates "HTTP/1.1 200 OK"
2026-03-12 21:54:38,588 - httpx - INFO - HTTP Request: POST https://api.telegram.org/bot8684804208:AAHJU5PGwO4-8JLIKopQgDpTQPSXIsZMNy8/getUpdates "HTTP/1.1 200 OK"
2026-03-12 21:54:48,888 - httpx - INFO - HTTP Request: POST https://api.telegram.org/bot8684804208:AAHJU5PGwO4-8JLIKopQgDpTQPSXIsZMNy8/getUpdates "HTTP/1.1 200 OK"
2026-03-12 21:54:59,174 - httpx - INFO - HTTP Request: POST https://api.telegram.org/bot8684804208:AAHJU5PGwO4-8JLIKopQgDpTQPSXIsZMNy8/getUpdates "HTTP/1.1 200 OK"
2026-03-12 21:55:09,461 - httpx - INFO - HTTP Request: POST https://api.telegram.org/bot8684804208:AAHJU5PGwO4-8JLIKopQgDpTQPSXIsZMNy8/getUpdates "HTTP/1.1 200 OK"
2026-03-12 21:55:19,748 - httpx - INFO - HTTP Request: POST https://api.telegram.org/bot8684804208:AAHJU5PGwO4-8JLIKopQgDpTQPSXIsZMNy8/getUpdates "HTTP/1.1 200 OK"
2026-03-12 21:55:30,038 - httpx - INFO - HTTP Request: POST https://api.telegram.org/bot8684804208:AAHJU5PGwO4-8JLIKopQgDpTQPSXIsZMNy8/getUpdates "HTTP/1.1 200 OK"
2026-03-12 21:55:40,322 - httpx - INFO - HTTP Request: POST https://api.telegram.org/bot8684804208:AAHJU5PGwO4-8JLIKopQgDpTQPSXIsZMNy8/getUpdates "HTTP/1.1 200 OK"
2026-03-12 21:55:50,607 - httpx - INFO - HTTP Request: POST https://api.telegram.org/bot8684804208:AAHJU5PGwO4-8JLIKopQgDpTQPSXIsZMNy8/getUpdates "HTTP/1.1 200 OK"
2026-03-12 21:56:00,896 - httpx - INFO - HTTP Request: POST https://api.telegram.org/bot8684804208:AAHJU5PGwO4-8JLIKopQgDpTQPSXIsZMNy8/getUpdates "HTTP/1.1 200 OK"
2026-03-12 21:56:11,311 - httpx - INFO - HTTP Request: POST https://api.telegram.org/bot8684804208:AAHJU5PGwO4-8JLIKopQgDpTQPSXIsZMNy8/getUpdates "HTTP/1.1 200 OK"
2026-03-12 21:56:21,596 - httpx - INFO - HTTP Request: POST https://api.telegram.org/bot8684804208:AAHJU5PGwO4-8JLIKopQgDpTQPSXIsZMNy8/getUpdates "HTTP/1.1 200 OK"
2026-03-12 21:56:31,882 - httpx - INFO - HTTP Request: POST https://api.telegram.org/bot8684804208:AAHJU5PGwO4-8JLIKopQgDpTQPSXIsZMNy8/getUpdates "HTTP/1.1 200 OK"
2026-03-12 21:56:42,168 - httpx - INFO - HTTP Request: POST https://api.telegram.org/bot8684804208:AAHJU5PGwO4-8JLIKopQgDpTQPSXIsZMNy8/getUpdates "HTTP/1.1 200 OK"
2026-03-12 21:56:52,452 - httpx - INFO - HTTP Request: POST https://api.telegram.org/bot8684804208:AAHJU5PGwO4-8JLIKopQgDpTQPSXIsZMNy8/getUpdates "HTTP/1.1 200 OK"
2026-03-12 21:57:02,735 - httpx - INFO - HTTP Request: POST https://api.telegram.org/bot8684804208:AAHJU5PGwO4-8JLIKopQgDpTQPSXIsZMNy8/getUpdates "HTTP/1.1 200 OK"
2026-03-12 21:57:13,024 - httpx - INFO - HTTP Request: POST https://api.telegram.org/bot8684804208:AAHJU5PGwO4-8JLIKopQgDpTQPSXIsZMNy8/getUpdates "HTTP/1.1 200 OK"
2026-03-12 21:57:23,312 - httpx - INFO - HTTP Request: POST https://api.telegram.org/bot8684804208:AAHJU5PGwO4-8JLIKopQgDpTQPSXIsZMNy8/getUpdates "HTTP/1.1 200 OK"
2026-03-12 21:57:33,607 - httpx - INFO - HTTP Request: POST https://api.telegram.org/bot8684804208:AAHJU5PGwO4-8JLIKopQgDpTQPSXIsZMNy8/getUpdates "HTTP/1.1 200 OK"
2026-03-12 21:57:43,888 - httpx - INFO - HTTP Request: POST https://api.telegram.org/bot8684804208:AAHJU5PGwO4-8JLIKopQgDpTQPSXIsZMNy8/getUpdates "HTTP/1.1 200 OK"
2026-03-12 21:57:54,172 - httpx - INFO - HTTP Request: POST https://api.telegram.org/bot8684804208:AAHJU5PGwO4-8JLIKopQgDpTQPSXIsZMNy8/getUpdates "HTTP/1.1 200 OK"
2026-03-12 21:58:04,466 - httpx - INFO - HTTP Request: POST https://api.telegram.org/bot8684804208:AAHJU5PGwO4-8JLIKopQgDpTQPSXIsZMNy8/getUpdates "HTTP/1.1 200 OK"
2026-03-12 21:58:14,748 - httpx - INFO - HTTP Request: POST https://api.telegram.org/bot8684804208:AAHJU5PGwO4-8JLIKopQgDpTQPSXIsZMNy8/getUpdates "HTTP/1.1 200 OK"
2026-03-12 21:58:25,042 - httpx - INFO - HTTP Request: POST https://api.telegram.org/bot8684804208:AAHJU5PGwO4-8JLIKopQgDpTQPSXIsZMNy8/getUpdates "HTTP/1.1 200 OK"
2026-03-12 21:58:35,330 - httpx - INFO - HTTP Request: POST https://api.telegram.org/bot8684804208:AAHJU5PGwO4-8JLIKopQgDpTQPSXIsZMNy8/getUpdates "HTTP/1.1 200 OK"
2026-03-12 21:58:45,614 - httpx - INFO - HTTP Request: POST https://api.telegram.org/bot8684804208:AAHJU5PGwO4-8JLIKopQgDpTQPSXIsZMNy8/getUpdates "HTTP/1.1 200 OK"
2026-03-12 21:58:55,930 - httpx - INFO - HTTP Request: POST https://api.telegram.org/bot8684804208:AAHJU5PGwO4-8JLIKopQgDpTQPSXIsZMNy8/getUpdates "HTTP/1.1 200 OK"
2026-03-12 21:59:06,216 - httpx - INFO - HTTP Request: POST https://api.telegram.org/bot8684804208:AAHJU5PGwO4-8JLIKopQgDpTQPSXIsZMNy8/getUpdates "HTTP/1.1 200 OK"
2026-03-12 21:59:16,501 - httpx - INFO - HTTP Request: POST https://api.telegram.org/bot8684804208:AAHJU5PGwO4-8JLIKopQgDpTQPSXIsZMNy8/getUpdates "HTTP/1.1 200 OK"
2026-03-12 21:59:26,786 - httpx - INFO - HTTP Request: POST https://api.telegram.org/bot8684804208:AAHJU5PGwO4-8JLIKopQgDpTQPSXIsZMNy8/getUpdates "HTTP/1.1 200 OK"
2026-03-12 21:59:37,076 - httpx - INFO - HTTP Request: POST https://api.telegram.org/bot8684804208:AAHJU5PGwO4-8JLIKopQgDpTQPSXIsZMNy8/getUpdates "HTTP/1.1 200 OK"
2026-03-12 21:59:47,384 - httpx - INFO - HTTP Request: POST https://api.telegram.org/bot8684804208:AAHJU5PGwO4-8JLIKopQgDpTQPSXIsZMNy8/getUpdates "HTTP/1.1 200 OK"
2026-03-12 21:59:47,710 - httpx - INFO - HTTP Request: POST https://api.telegram.org/bot8684804208:AAHJU5PGwO4-8JLIKopQgDpTQPSXIsZMNy8/getUpdates "HTTP/1.1 200 OK"
2026-03-12 21:59:47,714 - LorenaSovereign - INFO - Comando /start recebido de FELIPE
2026-03-12 21:59:48,790 - httpx - INFO - HTTP Request: POST https://api.telegram.org/bot8684804208:AAHJU5PGwO4-8JLIKopQgDpTQPSXIsZMNy8/sendMessage "HTTP/1.1 200 OK"
2026-03-12 21:59:58,005 - httpx - INFO - HTTP Request: POST https://api.telegram.org/bot8684804208:AAHJU5PGwO4-8JLIKopQgDpTQPSXIsZMNy8/getUpdates "HTTP/1.1 200 OK"
2026-03-12 21:59:58,289 - httpx - INFO - HTTP Request: POST https://api.telegram.org/bot8684804208:AAHJU5PGwO4-8JLIKopQgDpTQPSXIsZMNy8/getUpdates "HTTP/1.1 200 OK"
2026-03-12 21:59:58,292 - LorenaSovereign - INFO - Mensagem recebida: oi!
2026-03-12 22:00:08,576 - httpx - INFO - HTTP Request: POST https://api.telegram.org/bot8684804208:AAHJU5PGwO4-8JLIKopQgDpTQPSXIsZMNy8/getUpdates "HTTP/1.1 200 OK"
2026-03-12 22:00:18,866 - httpx - INFO - HTTP Request: POST https://api.telegram.org/bot8684804208:AAHJU5PGwO4-8JLIKopQgDpTQPSXIsZMNy8/getUpdates "HTTP/1.1 200 OK"
2026-03-12 22:00:29,153 - httpx - INFO - HTTP Request: POST https://api.telegram.org/bot8684804208:AAHJU5PGwO4-8JLIKopQgDpTQPSXIsZMNy8/getUpdates "HTTP/1.1 200 OK"
2026-03-12 22:00:39,445 - httpx - INFO - HTTP Request: POST https://api.telegram.org/bot8684804208:AAHJU5PGwO4-8JLIKopQgDpTQPSXIsZMNy8/getUpdates "HTTP/1.1 200 OK"
2026-03-12 22:00:49,729 - httpx - INFO - HTTP Request: POST https://api.telegram.org/bot8684804208:AAHJU5PGwO4-8JLIKopQgDpTQPSXIsZMNy8/getUpdates "HTTP/1.1 200 OK"
2026-03-12 22:01:00,018 - httpx - INFO - HTTP Request: POST https://api.telegram.org/bot8684804208:AAHJU5PGwO4-8JLIKopQgDpTQPSXIsZMNy8/getUpdates "HTTP/1.1 200 OK"
2026-03-12 22:01:10,306 - httpx - INFO - HTTP Request: POST https://api.telegram.org/bot8684804208:AAHJU5PGwO4-8JLIKopQgDpTQPSXIsZMNy8/getUpdates "HTTP/1.1 200 OK"
2026-03-12 22:01:20,594 - httpx - INFO - HTTP Request: POST https://api.telegram.org/bot8684804208:AAHJU5PGwO4-8JLIKopQgDpTQPSXIsZMNy8/getUpdates "HTTP/1.1 200 OK"
2026-03-12 22:01:30,884 - httpx - INFO - HTTP Request: POST https://api.telegram.org/bot8684804208:AAHJU5PGwO4-8JLIKopQgDpTQPSXIsZMNy8/getUpdates "HTTP/1.1 200 OK"
2026-03-12 22:01:41,176 - httpx - INFO - HTTP Request: POST https://api.telegram.org/bot8684804208:AAHJU5PGwO4-8JLIKopQgDpTQPSXIsZMNy8/getUpdates "HTTP/1.1 200 OK"
2026-03-12 22:01:51,462 - httpx - INFO - HTTP Request: POST https://api.telegram.org/bot8684804208:AAHJU5PGwO4-8JLIKopQgDpTQPSXIsZMNy8/getUpdates "HTTP/1.1 200 OK"
2026-03-12 22:02:01,752 - httpx - INFO - HTTP Request: POST https://api.telegram.org/bot8684804208:AAHJU5PGwO4-8JLIKopQgDpTQPSXIsZMNy8/getUpdates "HTTP/1.1 200 OK"
2026-03-12 22:02:12,070 - httpx - INFO - HTTP Request: POST https://api.telegram.org/bot8684804208:AAHJU5PGwO4-8JLIKopQgDpTQPSXIsZMNy8/getUpdates "HTTP/1.1 200 OK"
2026-03-12 22:02:22,364 - httpx - INFO - HTTP Request: POST https://api.telegram.org/bot8684804208:AAHJU5PGwO4-8JLIKopQgDpTQPSXIsZMNy8/getUpdates "HTTP/1.1 200 OK"
2026-03-12 22:02:32,650 - httpx - INFO - HTTP Request: POST https://api.telegram.org/bot8684804208:AAHJU5PGwO4-8JLIKopQgDpTQPSXIsZMNy8/getUpdates "HTTP/1.1 200 OK"
2026-03-12 22:02:42,940 - httpx - INFO - HTTP Request: POST https://api.telegram.org/bot8684804208:AAHJU5PGwO4-8JLIKopQgDpTQPSXIsZMNy8/getUpdates "HTTP/1.1 200 OK"
2026-03-12 22:02:53,265 - httpx - INFO - HTTP Request: POST https://api.telegram.org/bot8684804208:AAHJU5PGwO4-8JLIKopQgDpTQPSXIsZMNy8/getUpdates "HTTP/1.1 200 OK"
2026-03-12 22:03:03,552 - httpx - INFO - HTTP Request: POST https://api.telegram.org/bot8684804208:AAHJU5PGwO4-8JLIKopQgDpTQPSXIsZMNy8/getUpdates "HTTP/1.1 200 OK"
2026-03-12 22:03:13,843 - httpx - INFO - HTTP Request: POST https://api.telegram.org/bot8684804208:AAHJU5PGwO4-8JLIKopQgDpTQPSXIsZMNy8/getUpdates "HTTP/1.1 200 OK"
2026-03-12 22:03:24,135 - httpx - INFO - HTTP Request: POST https://api.telegram.org/bot8684804208:AAHJU5PGwO4-8JLIKopQgDpTQPSXIsZMNy8/getUpdates "HTTP/1.1 200 OK"
2026-03-12 22:03:34,418 - httpx - INFO - HTTP Request: POST https://api.telegram.org/bot8684804208:AAHJU5PGwO4-8JLIKopQgDpTQPSXIsZMNy8/getUpdates "HTTP/1.1 200 OK"
2026-03-12 22:03:44,709 - httpx - INFO - HTTP Request: POST https://api.telegram.org/bot8684804208:AAHJU5PGwO4-8JLIKopQgDpTQPSXIsZMNy8/getUpdates "HTTP/1.1 200 OK"
2026-03-12 22:03:54,995 - httpx - INFO - HTTP Request: POST https://api.telegram.org/bot8684804208:AAHJU5PGwO4-8JLIKopQgDpTQPSXIsZMNy8/getUpdates "HTTP/1.1 200 OK"
2026-03-12 22:04:02,457 - LorenaSovereign - INFO - --- DESPERTAR INICIADO ---
2026-03-12 22:04:03,510 - LorenaSovereign - INFO - Lorena está em sintonia com o Telegram...
2026-03-12 22:04:04,502 - httpx - INFO - HTTP Request: POST https://api.telegram.org/bot8684804208:AAHJU5PGwO4-8JLIKopQgDpTQPSXIsZMNy8/getMe "HTTP/1.1 200 OK"
2026-03-12 22:04:04,793 - httpx - INFO - HTTP Request: POST https://api.telegram.org/bot8684804208:AAHJU5PGwO4-8JLIKopQgDpTQPSXIsZMNy8/deleteWebhook "HTTP/1.1 200 OK"
2026-03-12 22:04:04,800 - telegram.ext.Application - INFO - Application started
2026-03-12 22:04:15,654 - httpx - INFO - HTTP Request: POST https://api.telegram.org/bot8684804208:AAHJU5PGwO4-8JLIKopQgDpTQPSXIsZMNy8/getUpdates "HTTP/1.1 200 OK"
2026-03-12 22:04:25,935 - httpx - INFO - HTTP Request: POST https://api.telegram.org/bot8684804208:AAHJU5PGwO4-8JLIKopQgDpTQPSXIsZMNy8/getUpdates "HTTP/1.1 200 OK"
2026-03-12 22:04:36,260 - httpx - INFO - HTTP Request: POST https://api.telegram.org/bot8684804208:AAHJU5PGwO4-8JLIKopQgDpTQPSXIsZMNy8/getUpdates "HTTP/1.1 200 OK"
2026-03-12 22:04:39,828 - httpx - INFO - HTTP Request: POST https://api.telegram.org/bot8684804208:AAHJU5PGwO4-8JLIKopQgDpTQPSXIsZMNy8/getUpdates "HTTP/1.1 200 OK"
2026-03-12 22:04:39,831 - LorenaSovereign - INFO - Mensagem recebida: Oi
2026-03-12 22:04:40,909 - httpx - INFO - HTTP Request: POST https://api.telegram.org/bot8684804208:AAHJU5PGwO4-8JLIKopQgDpTQPSXIsZMNy8/sendMessage "HTTP/1.1 200 OK"
2026-03-12 22:04:50,157 - httpx - INFO - HTTP Request: POST https://api.telegram.org/bot8684804208:AAHJU5PGwO4-8JLIKopQgDpTQPSXIsZMNy8/getUpdates "HTTP/1.1 200 OK"
2026-03-12 22:05:00,464 - httpx - INFO - HTTP Request: POST https://api.telegram.org/bot8684804208:AAHJU5PGwO4-8JLIKopQgDpTQPSXIsZMNy8/getUpdates "HTTP/1.1 200 OK"
2026-03-12 22:05:10,788 - httpx - INFO - HTTP Request: POST https://api.telegram.org/bot8684804208:AAHJU5PGwO4-8JLIKopQgDpTQPSXIsZMNy8/getUpdates "HTTP/1.1 200 OK"
2026-03-12 22:05:21,074 - httpx - INFO - HTTP Request: POST https://api.telegram.org/bot8684804208:AAHJU5PGwO4-8JLIKopQgDpTQPSXIsZMNy8/getUpdates "HTTP/1.1 200 OK"
2026-03-12 22:05:26,265 - httpx - INFO - HTTP Request: POST https://api.telegram.org/bot8684804208:AAHJU5PGwO4-8JLIKopQgDpTQPSXIsZMNy8/getUpdates "HTTP/1.1 200 OK"
2026-03-12 22:05:26,269 - LorenaSovereign - INFO - Mensagem recebida: Eu preciso te ver respo dendo e interagindo aqui e no meu vocode no windows
2026-03-12 22:05:27,356 - httpx - INFO - HTTP Request: POST https://api.telegram.org/bot8684804208:AAHJU5PGwO4-8JLIKopQgDpTQPSXIsZMNy8/sendMessage "HTTP/1.1 200 OK"
2026-03-12 22:05:36,570 - httpx - INFO - HTTP Request: POST https://api.telegram.org/bot8684804208:AAHJU5PGwO4-8JLIKopQgDpTQPSXIsZMNy8/getUpdates "HTTP/1.1 200 OK"
2026-03-12 22:05:46,881 - httpx - INFO - HTTP Request: POST https://api.telegram.org/bot8684804208:AAHJU5PGwO4-8JLIKopQgDpTQPSXIsZMNy8/getUpdates "HTTP/1.1 200 OK"
2026-03-12 22:05:57,206 - httpx - INFO - HTTP Request: POST https://api.telegram.org/bot8684804208:AAHJU5PGwO4-8JLIKopQgDpTQPSXIsZMNy8/getUpdates "HTTP/1.1 200 OK"
2026-03-12 22:06:07,534 - httpx - INFO - HTTP Request: POST https://api.telegram.org/bot8684804208:AAHJU5PGwO4-8JLIKopQgDpTQPSXIsZMNy8/getUpdates "HTTP/1.1 200 OK"
2026-03-12 22:06:17,818 - httpx - INFO - HTTP Request: POST https://api.telegram.org/bot8684804208:AAHJU5PGwO4-8JLIKopQgDpTQPSXIsZMNy8/getUpdates "HTTP/1.1 200 OK"
2026-03-12 22:06:28,102 - httpx - INFO - HTTP Request: POST https://api.telegram.org/bot8684804208:AAHJU5PGwO4-8JLIKopQgDpTQPSXIsZMNy8/getUpdates "HTTP/1.1 200 OK"
2026-03-12 22:06:38,386 - httpx - INFO - HTTP Request: POST https://api.telegram.org/bot8684804208:AAHJU5PGwO4-8JLIKopQgDpTQPSXIsZMNy8/getUpdates "HTTP/1.1 200 OK"
2026-03-12 22:06:48,670 - httpx - INFO - HTTP Request: POST https://api.telegram.org/bot8684804208:AAHJU5PGwO4-8JLIKopQgDpTQPSXIsZMNy8/getUpdates "HTTP/1.1 200 OK"
2026-03-12 22:06:58,954 - httpx - INFO - HTTP Request: POST https://api.telegram.org/bot8684804208:AAHJU5PGwO4-8JLIKopQgDpTQPSXIsZMNy8/getUpdates "HTTP/1.1 200 OK"
2026-03-12 22:07:09,238 - httpx - INFO - HTTP Request: POST https://api.telegram.org/bot8684804208:AAHJU5PGwO4-8JLIKopQgDpTQPSXIsZMNy8/getUpdates "HTTP/1.1 200 OK"
2026-03-12 22:07:19,525 - httpx - INFO - HTTP Request: POST https://api.telegram.org/bot8684804208:AAHJU5PGwO4-8JLIKopQgDpTQPSXIsZMNy8/getUpdates "HTTP/1.1 200 OK"
2026-03-12 22:07:29,810 - httpx - INFO - HTTP Request: POST https://api.telegram.org/bot8684804208:AAHJU5PGwO4-8JLIKopQgDpTQPSXIsZMNy8/getUpdates "HTTP/1.1 200 OK"
2026-03-12 22:07:40,092 - httpx - INFO - HTTP Request: POST https://api.telegram.org/bot8684804208:AAHJU5PGwO4-8JLIKopQgDpTQPSXIsZMNy8/getUpdates "HTTP/1.1 200 OK"
2026-03-12 22:07:50,377 - httpx - INFO - HTTP Request: POST https://api.telegram.org/bot8684804208:AAHJU5PGwO4-8JLIKopQgDpTQPSXIsZMNy8/getUpdates "HTTP/1.1 200 OK"
2026-03-12 22:08:00,662 - httpx - INFO - HTTP Request: POST https://api.telegram.org/bot8684804208:AAHJU5PGwO4-8JLIKopQgDpTQPSXIsZMNy8/getUpdates "HTTP/1.1 200 OK"
2026-03-12 22:08:10,948 - httpx - INFO - HTTP Request: POST https://api.telegram.org/bot8684804208:AAHJU5PGwO4-8JLIKopQgDpTQPSXIsZMNy8/getUpdates "HTTP/1.1 200 OK"
2026-03-12 22:08:21,233 - httpx - INFO - HTTP Request: POST https://api.telegram.org/bot8684804208:AAHJU5PGwO4-8JLIKopQgDpTQPSXIsZMNy8/getUpdates "HTTP/1.1 200 OK"
2026-03-12 22:08:31,551 - httpx - INFO - HTTP Request: POST https://api.telegram.org/bot8684804208:AAHJU5PGwO4-8JLIKopQgDpTQPSXIsZMNy8/getUpdates "HTTP/1.1 200 OK"
2026-03-12 22:08:41,837 - httpx - INFO - HTTP Request: POST https://api.telegram.org/bot8684804208:AAHJU5PGwO4-8JLIKopQgDpTQPSXIsZMNy8/getUpdates "HTTP/1.1 200 OK"
2026-03-12 22:08:52,120 - httpx - INFO - HTTP Request: POST https://api.telegram.org/bot8684804208:AAHJU5PGwO4-8JLIKopQgDpTQPSXIsZMNy8/getUpdates "HTTP/1.1 200 OK"
2026-03-12 22:09:02,406 - httpx - INFO - HTTP Request: POST https://api.telegram.org/bot8684804208:AAHJU5PGwO4-8JLIKopQgDpTQPSXIsZMNy8/getUpdates "HTTP/1.1 200 OK"
2026-03-12 22:09:12,701 - httpx - INFO - HTTP Request: POST https://api.telegram.org/bot8684804208:AAHJU5PGwO4-8JLIKopQgDpTQPSXIsZMNy8/getUpdates "HTTP/1.1 200 OK"
2026-03-12 22:09:22,986 - httpx - INFO - HTTP Request: POST https://api.telegram.org/bot8684804208:AAHJU5PGwO4-8JLIKopQgDpTQPSXIsZMNy8/getUpdates "HTTP/1.1 200 OK"
2026-03-12 22:09:33,270 - httpx - INFO - HTTP Request: POST https://api.telegram.org/bot8684804208:AAHJU5PGwO4-8JLIKopQgDpTQPSXIsZMNy8/getUpdates "HTTP/1.1 200 OK"
2026-03-12 22:09:43,562 - httpx - INFO - HTTP Request: POST https://api.telegram.org/bot8684804208:AAHJU5PGwO4-8JLIKopQgDpTQPSXIsZMNy8/getUpdates "HTTP/1.1 200 OK"
2026-03-12 22:09:53,857 - httpx - INFO - HTTP Request: POST https://api.telegram.org/bot8684804208:AAHJU5PGwO4-8JLIKopQgDpTQPSXIsZMNy8/getUpdates "HTTP/1.1 200 OK"
2026-03-12 22:10:04,151 - httpx - INFO - HTTP Request: POST https://api.telegram.org/bot8684804208:AAHJU5PGwO4-8JLIKopQgDpTQPSXIsZMNy8/getUpdates "HTTP/1.1 200 OK"
2026-03-12 22:10:14,436 - httpx - INFO - HTTP Request: POST https://api.telegram.org/bot8684804208:AAHJU5PGwO4-8JLIKopQgDpTQPSXIsZMNy8/getUpdates "HTTP/1.1 200 OK"
2026-03-12 22:10:24,722 - httpx - INFO - HTTP Request: POST https://api.telegram.org/bot8684804208:AAHJU5PGwO4-8JLIKopQgDpTQPSXIsZMNy8/getUpdates "HTTP/1.1 200 OK"
2026-03-12 22:10:35,040 - httpx - INFO - HTTP Request: POST https://api.telegram.org/bot8684804208:AAHJU5PGwO4-8JLIKopQgDpTQPSXIsZMNy8/getUpdates "HTTP/1.1 200 OK"
2026-03-12 22:10:45,325 - httpx - INFO - HTTP Request: POST https://api.telegram.org/bot8684804208:AAHJU5PGwO4-8JLIKopQgDpTQPSXIsZMNy8/getUpdates "HTTP/1.1 200 OK"
2026-03-12 22:10:55,607 - httpx - INFO - HTTP Request: POST https://api.telegram.org/bot8684804208:AAHJU5PGwO4-8JLIKopQgDpTQPSXIsZMNy8/getUpdates "HTTP/1.1 200 OK"
2026-03-12 22:11:05,891 - httpx - INFO - HTTP Request: POST https://api.telegram.org/bot8684804208:AAHJU5PGwO4-8JLIKopQgDpTQPSXIsZMNy8/getUpdates "HTTP/1.1 200 OK"
2026-03-12 22:11:16,174 - httpx - INFO - HTTP Request: POST https://api.telegram.org/bot8684804208:AAHJU5PGwO4-8JLIKopQgDpTQPSXIsZMNy8/getUpdates "HTTP/1.1 200 OK"
2026-03-12 22:11:26,459 - httpx - INFO - HTTP Request: POST https://api.telegram.org/bot8684804208:AAHJU5PGwO4-8JLIKopQgDpTQPSXIsZMNy8/getUpdates "HTTP/1.1 200 OK"
2026-03-12 22:11:36,746 - httpx - INFO - HTTP Request: POST https://api.telegram.org/bot8684804208:AAHJU5PGwO4-8JLIKopQgDpTQPSXIsZMNy8/getUpdates "HTTP/1.1 200 OK"
2026-03-12 22:11:47,031 - httpx - INFO - HTTP Request: POST https://api.telegram.org/bot8684804208:AAHJU5PGwO4-8JLIKopQgDpTQPSXIsZMNy8/getUpdates "HTTP/1.1 200 OK"
2026-03-12 22:11:57,316 - httpx - INFO - HTTP Request: POST https://api.telegram.org/bot8684804208:AAHJU5PGwO4-8JLIKopQgDpTQPSXIsZMNy8/getUpdates "HTTP/1.1 200 OK"
2026-03-12 22:12:07,601 - httpx - INFO - HTTP Request: POST https://api.telegram.org/bot8684804208:AAHJU5PGwO4-8JLIKopQgDpTQPSXIsZMNy8/getUpdates "HTTP/1.1 200 OK"
2026-03-12 22:12:17,888 - httpx - INFO - HTTP Request: POST https://api.telegram.org/bot8684804208:AAHJU5PGwO4-8JLIKopQgDpTQPSXIsZMNy8/getUpdates "HTTP/1.1 200 OK"
2026-03-12 22:12:28,561 - httpx - INFO - HTTP Request: POST https://api.telegram.org/bot8684804208:AAHJU5PGwO4-8JLIKopQgDpTQPSXIsZMNy8/getUpdates "HTTP/1.1 200 OK"
2026-03-12 22:12:39,051 - httpx - INFO - HTTP Request: POST https://api.telegram.org/bot8684804208:AAHJU5PGwO4-8JLIKopQgDpTQPSXIsZMNy8/getUpdates "HTTP/1.1 200 OK"
2026-03-12 22:12:49,336 - httpx - INFO - HTTP Request: POST https://api.telegram.org/bot8684804208:AAHJU5PGwO4-8JLIKopQgDpTQPSXIsZMNy8/getUpdates "HTTP/1.1 200 OK"
2026-03-12 22:12:59,620 - httpx - INFO - HTTP Request: POST https://api.telegram.org/bot8684804208:AAHJU5PGwO4-8JLIKopQgDpTQPSXIsZMNy8/getUpdates "HTTP/1.1 200 OK"
2026-03-12 22:13:09,903 - httpx - INFO - HTTP Request: POST https://api.telegram.org/bot8684804208:AAHJU5PGwO4-8JLIKopQgDpTQPSXIsZMNy8/getUpdates "HTTP/1.1 200 OK"
2026-03-12 22:13:20,189 - httpx - INFO - HTTP Request: POST https://api.telegram.org/bot8684804208:AAHJU5PGwO4-8JLIKopQgDpTQPSXIsZMNy8/getUpdates "HTTP/1.1 200 OK"
2026-03-12 22:13:30,475 - httpx - INFO - HTTP Request: POST https://api.telegram.org/bot8684804208:AAHJU5PGwO4-8JLIKopQgDpTQPSXIsZMNy8/getUpdates "HTTP/1.1 200 OK"
2026-03-12 22:13:40,759 - httpx - INFO - HTTP Request: POST https://api.telegram.org/bot8684804208:AAHJU5PGwO4-8JLIKopQgDpTQPSXIsZMNy8/getUpdates "HTTP/1.1 200 OK"
2026-03-12 22:13:51,045 - httpx - INFO - HTTP Request: POST https://api.telegram.org/bot8684804208:AAHJU5PGwO4-8JLIKopQgDpTQPSXIsZMNy8/getUpdates "HTTP/1.1 200 OK"
2026-03-12 22:14:01,340 - httpx - INFO - HTTP Request: POST https://api.telegram.org/bot8684804208:AAHJU5PGwO4-8JLIKopQgDpTQPSXIsZMNy8/getUpdates "HTTP/1.1 200 OK"
2026-03-12 22:14:11,626 - httpx - INFO - HTTP Request: POST https://api.telegram.org/bot8684804208:AAHJU5PGwO4-8JLIKopQgDpTQPSXIsZMNy8/getUpdates "HTTP/1.1 200 OK"
2026-03-12 22:14:21,912 - httpx - INFO - HTTP Request: POST https://api.telegram.org/bot8684804208:AAHJU5PGwO4-8JLIKopQgDpTQPSXIsZMNy8/getUpdates "HTTP/1.1 200 OK"
2026-03-12 22:14:32,197 - httpx - INFO - HTTP Request: POST https://api.telegram.org/bot8684804208:AAHJU5PGwO4-8JLIKopQgDpTQPSXIsZMNy8/getUpdates "HTTP/1.1 200 OK"
2026-03-12 22:14:42,480 - httpx - INFO - HTTP Request: POST https://api.telegram.org/bot8684804208:AAHJU5PGwO4-8JLIKopQgDpTQPSXIsZMNy8/getUpdates "HTTP/1.1 200 OK"
2026-03-12 22:14:52,768 - httpx - INFO - HTTP Request: POST https://api.telegram.org/bot8684804208:AAHJU5PGwO4-8JLIKopQgDpTQPSXIsZMNy8/getUpdates "HTTP/1.1 200 OK"
2026-03-12 22:15:03,053 - httpx - INFO - HTTP Request: POST https://api.telegram.org/bot8684804208:AAHJU5PGwO4-8JLIKopQgDpTQPSXIsZMNy8/getUpdates "HTTP/1.1 200 OK"
2026-03-12 22:15:13,337 - httpx - INFO - HTTP Request: POST https://api.telegram.org/bot8684804208:AAHJU5PGwO4-8JLIKopQgDpTQPSXIsZMNy8/getUpdates "HTTP/1.1 200 OK"
2026-03-12 22:15:23,622 - httpx - INFO - HTTP Request: POST https://api.telegram.org/bot8684804208:AAHJU5PGwO4-8JLIKopQgDpTQPSXIsZMNy8/getUpdates "HTTP/1.1 200 OK"
2026-03-12 22:15:33,906 - httpx - INFO - HTTP Request: POST https://api.telegram.org/bot8684804208:AAHJU5PGwO4-8JLIKopQgDpTQPSXIsZMNy8/getUpdates "HTTP/1.1 200 OK"
2026-03-12 22:15:44,192 - httpx - INFO - HTTP Request: POST https://api.telegram.org/bot8684804208:AAHJU5PGwO4-8JLIKopQgDpTQPSXIsZMNy8/getUpdates "HTTP/1.1 200 OK"
2026-03-12 22:15:54,480 - httpx - INFO - HTTP Request: POST https://api.telegram.org/bot8684804208:AAHJU5PGwO4-8JLIKopQgDpTQPSXIsZMNy8/getUpdates "HTTP/1.1 200 OK"
2026-03-12 22:16:04,771 - httpx - INFO - HTTP Request: POST https://api.telegram.org/bot8684804208:AAHJU5PGwO4-8JLIKopQgDpTQPSXIsZMNy8/getUpdates "HTTP/1.1 200 OK"
2026-03-12 22:16:15,055 - httpx - INFO - HTTP Request: POST https://api.telegram.org/bot8684804208:AAHJU5PGwO4-8JLIKopQgDpTQPSXIsZMNy8/getUpdates "HTTP/1.1 200 OK"
2026-03-12 22:16:25,340 - httpx - INFO - HTTP Request: POST https://api.telegram.org/bot8684804208:AAHJU5PGwO4-8JLIKopQgDpTQPSXIsZMNy8/getUpdates "HTTP/1.1 200 OK"
2026-03-12 22:16:35,624 - httpx - INFO - HTTP Request: POST https://api.telegram.org/bot8684804208:AAHJU5PGwO4-8JLIKopQgDpTQPSXIsZMNy8/getUpdates "HTTP/1.1 200 OK"
2026-03-12 22:16:45,909 - httpx - INFO - HTTP Request: POST https://api.telegram.org/bot8684804208:AAHJU5PGwO4-8JLIKopQgDpTQPSXIsZMNy8/getUpdates "HTTP/1.1 200 OK"
2026-03-12 22:16:56,203 - httpx - INFO - HTTP Request: POST https://api.telegram.org/bot8684804208:AAHJU5PGwO4-8JLIKopQgDpTQPSXIsZMNy8/getUpdates "HTTP/1.1 200 OK"
2026-03-12 22:17:06,487 - httpx - INFO - HTTP Request: POST https://api.telegram.org/bot8684804208:AAHJU5PGwO4-8JLIKopQgDpTQPSXIsZMNy8/getUpdates "HTTP/1.1 200 OK"
2026-03-12 22:17:16,772 - httpx - INFO - HTTP Request: POST https://api.telegram.org/bot8684804208:AAHJU5PGwO4-8JLIKopQgDpTQPSXIsZMNy8/getUpdates "HTTP/1.1 200 OK"
2026-03-12 22:17:27,056 - httpx - INFO - HTTP Request: POST https://api.telegram.org/bot8684804208:AAHJU5PGwO4-8JLIKopQgDpTQPSXIsZMNy8/getUpdates "HTTP/1.1 200 OK"
2026-03-12 22:17:37,340 - httpx - INFO - HTTP Request: POST https://api.telegram.org/bot8684804208:AAHJU5PGwO4-8JLIKopQgDpTQPSXIsZMNy8/getUpdates "HTTP/1.1 200 OK"
2026-03-12 22:17:47,625 - httpx - INFO - HTTP Request: POST https://api.telegram.org/bot8684804208:AAHJU5PGwO4-8JLIKopQgDpTQPSXIsZMNy8/getUpdates "HTTP/1.1 200 OK"
2026-03-12 22:17:57,915 - httpx - INFO - HTTP Request: POST https://api.telegram.org/bot8684804208:AAHJU5PGwO4-8JLIKopQgDpTQPSXIsZMNy8/getUpdates "HTTP/1.1 200 OK"
2026-03-12 22:18:08,204 - httpx - INFO - HTTP Request: POST https://api.telegram.org/bot8684804208:AAHJU5PGwO4-8JLIKopQgDpTQPSXIsZMNy8/getUpdates "HTTP/1.1 200 OK"
2026-03-12 22:18:18,491 - httpx - INFO - HTTP Request: POST https://api.telegram.org/bot8684804208:AAHJU5PGwO4-8JLIKopQgDpTQPSXIsZMNy8/getUpdates "HTTP/1.1 200 OK"
2026-03-12 22:18:28,775 - httpx - INFO - HTTP Request: POST https://api.telegram.org/bot8684804208:AAHJU5PGwO4-8JLIKopQgDpTQPSXIsZMNy8/getUpdates "HTTP/1.1 200 OK"
2026-03-12 22:18:39,076 - httpx - INFO - HTTP Request: POST https://api.telegram.org/bot8684804208:AAHJU5PGwO4-8JLIKopQgDpTQPSXIsZMNy8/getUpdates "HTTP/1.1 200 OK"
2026-03-12 22:18:49,362 - httpx - INFO - HTTP Request: POST https://api.telegram.org/bot8684804208:AAHJU5PGwO4-8JLIKopQgDpTQPSXIsZMNy8/getUpdates "HTTP/1.1 200 OK"
2026-03-12 22:18:59,653 - httpx - INFO - HTTP Request: POST https://api.telegram.org/bot8684804208:AAHJU5PGwO4-8JLIKopQgDpTQPSXIsZMNy8/getUpdates "HTTP/1.1 200 OK"
2026-03-12 22:19:09,945 - httpx - INFO - HTTP Request: POST https://api.telegram.org/bot8684804208:AAHJU5PGwO4-8JLIKopQgDpTQPSXIsZMNy8/getUpdates "HTTP/1.1 200 OK"
2026-03-12 22:19:20,230 - httpx - INFO - HTTP Request: POST https://api.telegram.org/bot8684804208:AAHJU5PGwO4-8JLIKopQgDpTQPSXIsZMNy8/getUpdates "HTTP/1.1 200 OK"
2026-03-12 22:19:30,518 - httpx - INFO - HTTP Request: POST https://api.telegram.org/bot8684804208:AAHJU5PGwO4-8JLIKopQgDpTQPSXIsZMNy8/getUpdates "HTTP/1.1 200 OK"
2026-03-12 22:19:40,803 - httpx - INFO - HTTP Request: POST https://api.telegram.org/bot8684804208:AAHJU5PGwO4-8JLIKopQgDpTQPSXIsZMNy8/getUpdates "HTTP/1.1 200 OK"
2026-03-12 22:19:51,182 - httpx - INFO - HTTP Request: POST https://api.telegram.org/bot8684804208:AAHJU5PGwO4-8JLIKopQgDpTQPSXIsZMNy8/getUpdates "HTTP/1.1 200 OK"
2026-03-12 22:20:01,470 - httpx - INFO - HTTP Request: POST https://api.telegram.org/bot8684804208:AAHJU5PGwO4-8JLIKopQgDpTQPSXIsZMNy8/getUpdates "HTTP/1.1 200 OK"
2026-03-12 22:20:11,756 - httpx - INFO - HTTP Request: POST https://api.telegram.org/bot8684804208:AAHJU5PGwO4-8JLIKopQgDpTQPSXIsZMNy8/getUpdates "HTTP/1.1 200 OK"
2026-03-12 22:20:22,041 - httpx - INFO - HTTP Request: POST https://api.telegram.org/bot8684804208:AAHJU5PGwO4-8JLIKopQgDpTQPSXIsZMNy8/getUpdates "HTTP/1.1 200 OK"
2026-03-12 22:20:32,328 - httpx - INFO - HTTP Request: POST https://api.telegram.org/bot8684804208:AAHJU5PGwO4-8JLIKopQgDpTQPSXIsZMNy8/getUpdates "HTTP/1.1 200 OK"
2026-03-12 22:20:42,618 - httpx - INFO - HTTP Request: POST https://api.telegram.org/bot8684804208:AAHJU5PGwO4-8JLIKopQgDpTQPSXIsZMNy8/getUpdates "HTTP/1.1 200 OK"
2026-03-12 22:20:52,904 - httpx - INFO - HTTP Request: POST https://api.telegram.org/bot8684804208:AAHJU5PGwO4-8JLIKopQgDpTQPSXIsZMNy8/getUpdates "HTTP/1.1 200 OK"
2026-03-12 22:21:01,570 - httpx - INFO - HTTP Request: POST https://api.telegram.org/bot8684804208:AAHJU5PGwO4-8JLIKopQgDpTQPSXIsZMNy8/getUpdates "HTTP/1.1 200 OK"
2026-03-12 22:21:01,574 - LorenaSovereign - INFO - Mensagem recebida: Status
2026-03-12 22:21:02,635 - httpx - INFO - HTTP Request: POST https://api.telegram.org/bot8684804208:AAHJU5PGwO4-8JLIKopQgDpTQPSXIsZMNy8/sendMessage "HTTP/1.1 200 OK"
2026-03-12 22:21:12,472 - httpx - INFO - HTTP Request: POST https://api.telegram.org/bot8684804208:AAHJU5PGwO4-8JLIKopQgDpTQPSXIsZMNy8/getUpdates "HTTP/1.1 200 OK"
2026-03-12 22:21:22,767 - httpx - INFO - HTTP Request: POST https://api.telegram.org/bot8684804208:AAHJU5PGwO4-8JLIKopQgDpTQPSXIsZMNy8/getUpdates "HTTP/1.1 200 OK"
2026-03-12 22:21:33,060 - httpx - INFO - HTTP Request: POST https://api.telegram.org/bot8684804208:AAHJU5PGwO4-8JLIKopQgDpTQPSXIsZMNy8/getUpdates "HTTP/1.1 200 OK"
2026-03-12 22:21:43,358 - httpx - INFO - HTTP Request: POST https://api.telegram.org/bot8684804208:AAHJU5PGwO4-8JLIKopQgDpTQPSXIsZMNy8/getUpdates "HTTP/1.1 200 OK"
2026-03-12 22:21:53,652 - httpx - INFO - HTTP Request: POST https://api.telegram.org/bot8684804208:AAHJU5PGwO4-8JLIKopQgDpTQPSXIsZMNy8/getUpdates "HTTP/1.1 200 OK"
2026-03-12 22:22:03,952 - httpx - INFO - HTTP Request: POST https://api.telegram.org/bot8684804208:AAHJU5PGwO4-8JLIKopQgDpTQPSXIsZMNy8/getUpdates "HTTP/1.1 200 OK"
2026-03-12 22:22:14,241 - httpx - INFO - HTTP Request: POST https://api.telegram.org/bot8684804208:AAHJU5PGwO4-8JLIKopQgDpTQPSXIsZMNy8/getUpdates "HTTP/1.1 200 OK"
2026-03-12 22:22:24,529 - httpx - INFO - HTTP Request: POST https://api.telegram.org/bot8684804208:AAHJU5PGwO4-8JLIKopQgDpTQPSXIsZMNy8/getUpdates "HTTP/1.1 200 OK"
2026-03-12 22:22:34,822 - httpx - INFO - HTTP Request: POST https://api.telegram.org/bot8684804208:AAHJU5PGwO4-8JLIKopQgDpTQPSXIsZMNy8/getUpdates "HTTP/1.1 200 OK"
2026-03-12 22:22:45,112 - httpx - INFO - HTTP Request: POST https://api.telegram.org/bot8684804208:AAHJU5PGwO4-8JLIKopQgDpTQPSXIsZMNy8/getUpdates "HTTP/1.1 200 OK"
2026-03-12 22:22:55,403 - httpx - INFO - HTTP Request: POST https://api.telegram.org/bot8684804208:AAHJU5PGwO4-8JLIKopQgDpTQPSXIsZMNy8/getUpdates "HTTP/1.1 200 OK"
2026-03-12 22:23:05,706 - httpx - INFO - HTTP Request: POST https://api.telegram.org/bot8684804208:AAHJU5PGwO4-8JLIKopQgDpTQPSXIsZMNy8/getUpdates "HTTP/1.1 200 OK"
2026-03-12 22:23:15,992 - httpx - INFO - HTTP Request: POST https://api.telegram.org/bot8684804208:AAHJU5PGwO4-8JLIKopQgDpTQPSXIsZMNy8/getUpdates "HTTP/1.1 200 OK"
2026-03-12 22:23:26,285 - httpx - INFO - HTTP Request: POST https://api.telegram.org/bot8684804208:AAHJU5PGwO4-8JLIKopQgDpTQPSXIsZMNy8/getUpdates "HTTP/1.1 200 OK"
2026-03-12 22:23:36,573 - httpx - INFO - HTTP Request: POST https://api.telegram.org/bot8684804208:AAHJU5PGwO4-8JLIKopQgDpTQPSXIsZMNy8/getUpdates "HTTP/1.1 200 OK"
2026-03-12 22:23:46,868 - httpx - INFO - HTTP Request: POST https://api.telegram.org/bot8684804208:AAHJU5PGwO4-8JLIKopQgDpTQPSXIsZMNy8/getUpdates "HTTP/1.1 200 OK"
2026-03-12 22:23:57,163 - httpx - INFO - HTTP Request: POST https://api.telegram.org/bot8684804208:AAHJU5PGwO4-8JLIKopQgDpTQPSXIsZMNy8/getUpdates "HTTP/1.1 200 OK"
2026-03-12 22:24:07,450 - httpx - INFO - HTTP Request: POST https://api.telegram.org/bot8684804208:AAHJU5PGwO4-8JLIKopQgDpTQPSXIsZMNy8/getUpdates "HTTP/1.1 200 OK"
2026-03-12 22:24:17,746 - httpx - INFO - HTTP Request: POST https://api.telegram.org/bot8684804208:AAHJU5PGwO4-8JLIKopQgDpTQPSXIsZMNy8/getUpdates "HTTP/1.1 200 OK"
